<?xml version="1.0" encoding="UTF-8"?>
<!-- Generated by org.testng.reporters.JUnitXMLReporter -->
<testsuite ignored="0" hostname="JOBY-PC" failures="1" tests="7" name="Test" time="122.413" errors="0" timestamp="2024-03-18T21:24:54 IST">
  <testcase classname="com.obsqura.test.CreateDeleteExpenseTest" name="anotherTest" time="7.961"/>
  <testcase classname="com.obsqura.test.LoginTest" name="verifyUserIsAbleToLogin" time="2.38"/>
  <testcase classname="com.obsqura.test.CreateNewsTest" name="createNews" time="5.318"/>
  <testcase classname="com.obsqura.test.CreateDeliveryBoyTest" name="createDeliveryBoy" time="9.193"/>
  <testcase classname="com.obsqura.test.CreateDeliveryBoyTest" name="createDeliveryBoy" time="7.433"/>
  <testcase classname="com.obsqura.test.AdminTest" name="createAdmin" time="10.361"/>
  <testcase classname="com.obsqura.test.ExpenseRecordTest" name="verifyUserIsAbleTocreateExpenseRecord" time="10.442">
    <failure type="org.openqa.selenium.ElementClickInterceptedException" message="element click intercepted: Element is not clickable at point (334, 816)
  (Session info: chrome=109.0.5414.120)
Build info: version: &amp;apos;4.16.1&amp;apos;, revision: &amp;apos;9b4c83354e&amp;apos;
System info: os.name: &amp;apos;Windows 7&amp;apos;, os.arch: &amp;apos;amd64&amp;apos;, os.version: &amp;apos;6.1&amp;apos;, java.version: &amp;apos;17.0.8&amp;apos;
Driver info: org.openqa.selenium.chrome.ChromeDriver
Command: [3a1620f2393e46a34bc2006d359e004a, clickElement {id=8d274c56-fee0-4284-9de7-1bbd3e159035}]
Capabilities {acceptInsecureCerts: false, browserName: chrome, browserVersion: 109.0.5414.120, chrome: {chromedriverVersion: 109.0.5414.74 (e7c5703604da..., userDataDir: C:\Users\JOBY\AppData\Local...}, goog:chromeOptions: {debuggerAddress: localhost:56378}, networkConnectionEnabled: false, pageLoadStrategy: normal, platformName: windows, proxy: Proxy(), se:cdp: ws://localhost:56378/devtoo..., se:cdpVersion: 109.0.5414.120, setWindowRect: true, strictFileInteractability: false, timeouts: {implicit: 0, pageLoad: 300000, script: 30000}, unhandledPromptBehavior: dismiss and notify, webauthn:extension:credBlob: true, webauthn:extension:largeBlob: true, webauthn:virtualAuthenticators: true}
Element: [[ChromeDriver: chrome on windows (3a1620f2393e46a34bc2006d359e004a)] -&amp;gt; name: create]
Session ID: 3a1620f2393e46a34bc2006d359e004a">
      <![CDATA[org.openqa.selenium.ElementClickInterceptedException: element click intercepted: Element is not clickable at point (334, 816)
  (Session info: chrome=109.0.5414.120)
Build info: version: '4.16.1', revision: '9b4c83354e'
System info: os.name: 'Windows 7', os.arch: 'amd64', os.version: '6.1', java.version: '17.0.8'
Driver info: org.openqa.selenium.chrome.ChromeDriver
Command: [3a1620f2393e46a34bc2006d359e004a, clickElement {id=8d274c56-fee0-4284-9de7-1bbd3e159035}]
Capabilities {acceptInsecureCerts: false, browserName: chrome, browserVersion: 109.0.5414.120, chrome: {chromedriverVersion: 109.0.5414.74 (e7c5703604da..., userDataDir: C:\Users\JOBY\AppData\Local...}, goog:chromeOptions: {debuggerAddress: localhost:56378}, networkConnectionEnabled: false, pageLoadStrategy: normal, platformName: windows, proxy: Proxy(), se:cdp: ws://localhost:56378/devtoo..., se:cdpVersion: 109.0.5414.120, setWindowRect: true, strictFileInteractability: false, timeouts: {implicit: 0, pageLoad: 300000, script: 30000}, unhandledPromptBehavior: dismiss and notify, webauthn:extension:credBlob: true, webauthn:extension:largeBlob: true, webauthn:virtualAuthenticators: true}
Element: [[ChromeDriver: chrome on windows (3a1620f2393e46a34bc2006d359e004a)] -> name: create]
Session ID: 3a1620f2393e46a34bc2006d359e004a
at org.openqa.selenium.remote.codec.w3c.W3CHttpResponseCodec.createException(W3CHttpResponseCodec.java:200)
at org.openqa.selenium.remote.codec.w3c.W3CHttpResponseCodec.decode(W3CHttpResponseCodec.java:133)
at org.openqa.selenium.remote.codec.w3c.W3CHttpResponseCodec.decode(W3CHttpResponseCodec.java:52)
at org.openqa.selenium.remote.HttpCommandExecutor.execute(HttpCommandExecutor.java:191)
at org.openqa.selenium.remote.service.DriverCommandExecutor.invokeExecute(DriverCommandExecutor.java:200)
at org.openqa.selenium.remote.service.DriverCommandExecutor.execute(DriverCommandExecutor.java:175)
at org.openqa.selenium.remote.RemoteWebDriver.execute(RemoteWebDriver.java:523)
at org.openqa.selenium.remote.RemoteWebElement.execute(RemoteWebElement.java:224)
at org.openqa.selenium.remote.RemoteWebElement.click(RemoteWebElement.java:77)
at org.openqa.selenium.support.pagefactory.internal.LocatingElementHandler.invoke(LocatingElementHandler.java:51)
at jdk.proxy2/jdk.proxy2.$Proxy15.click(Unknown Source)
at util.PageActions.clickElement(PageActions.java:38)
at com.obsqura.pages.ListExpensePage.createListExpense(ListExpensePage.java:42)
at com.obsqura.test.ExpenseRecordTest.verifyUserIsAbleTocreateExpenseRecord(ExpenseRecordTest.java:18)
at java.base/java.util.ArrayList.forEach(ArrayList.java:1511)
... Removed 35 stack frames]]>
    </failure>
  </testcase> <!-- verifyUserIsAbleTocreateExpenseRecord -->
</testsuite> <!-- Test -->
